#
# There is insufficient memory for the Java Runtime Environment to continue.
# Native memory allocation (malloc) failed to allocate 1048576 bytes for AllocateHeap
# Possible reasons:
#   The system is out of physical RAM or swap space
#   The process is running with CompressedOops enabled, and the Java Heap may be blocking the growth of the native heap
# Possible solutions:
#   Reduce memory load on the system
#   Increase physical memory or swap space
#   Check if swap backing store is full
#   Decrease Java heap size (-Xmx/-Xms)
#   Decrease number of Java threads
#   Decrease Java thread stack sizes (-Xss)
#   Set larger code cache with -XX:ReservedCodeCacheSize=
#   JVM is running with Unscaled Compressed Oops mode in which the Java heap is
#     placed in the first 4GB address space. The Java Heap base address is the
#     maximum limit for the native heap growth. Please use -XX:HeapBaseMinAddress
#     to set the Java Heap base and to place the Java Heap above 4GB virtual address.
# This output file may be truncated or incomplete.
#
#  Out of Memory Error (memory/allocation.inline.hpp:61), pid=11316, tid=0x0000000000002458
#
# JRE version:  (8.0_221-b11) (build )
# Java VM: Java HotSpot(TM) 64-Bit Server VM (25.221-b11 mixed mode windows-amd64 compressed oops)
# Failed to write core dump. Minidumps are not enabled by default on client versions of Windows
#

---------------  T H R E A D  ---------------

Current thread (0x0000000002732800):  JavaThread "Unknown thread" [_thread_in_vm, id=9304, stack(0x0000000002550000,0x0000000002650000)]

Stack: [0x0000000002550000,0x0000000002650000]
[error occurred during error reporting (printing stack bounds), id 0xc0000005]

Native frames: (J=compiled Java code, j=interpreted, Vv=VM code, C=native code)


---------------  P R O C E S S  ---------------

Java Threads: ( => current thread )

Other Threads:

=>0x0000000002732800 (exited) JavaThread "Unknown thread" [_thread_in_vm, id=9304, stack(0x0000000002550000,0x0000000002650000)]

VM state:not at safepoint (normal execution)

VM Mutex/Monitor currently owned by a thread: None

heap address: 0x0000000081a00000, size: 2022 MB, Compressed Oops mode: 32-bit
Narrow klass base: 0x0000000000000000, Narrow klass shift: 3
Compressed class space size: 1073741824 Address: 0x0000000100000000

Heap:
 PSYoungGen      total 38400K, used 665K [0x00000000d5e00000, 0x00000000d8880000, 0x0000000100000000)
  eden space 33280K, 2% used [0x00000000d5e00000,0x00000000d5ea6670,0x00000000d7e80000)
  from space 5120K, 0% used [0x00000000d8380000,0x00000000d8380000,0x00000000d8880000)
  to   space 5120K, 0% used [0x00000000d7e80000,0x00000000d7e80000,0x00000000d8380000)
 ParOldGen       total 87552K, used 0K [0x0000000081a00000, 0x0000000086f80000, 0x00000000d5e00000)
  object space 87552K, 0% used [0x0000000081a00000,0x0000000081a00000,0x0000000086f80000)
 Metaspace       used 752K, capacity 4480K, committed 4480K, reserved 1056768K
  class space    used 76K, capacity 384K, committed 384K, reserved 1048576K

Card table byte_map: [0x0000000011bf0000,0x0000000011ff0000] byte_map_base: 0x00000000117e3000

Marking Bits: (ParMarkBitMap*) 0x00000000653b5ce0
 Begin Bits: [0x00000000126a0000, 0x0000000014638000)
 End Bits:   [0x0000000014638000, 0x00000000165d0000)

Polling page: 0x0000000000b90000

CodeCache: size=245760Kb used=328Kb max_used=328Kb free=245431Kb
 bounds [0x0000000002830000, 0x0000000002aa0000, 0x0000000011830000]
 total_blobs=58 nmethods=0 adapters=38
 compilation: enabled

Compilation events (0 events):
No events

GC Heap History (0 events):
No events

Deoptimization events (0 events):
No events

Classes redefined (0 events):
No events

Internal exceptions (0 events):
No events

Events (10 events):
Event: 0.031 loading class java/lang/Short
Event: 0.031 loading class java/lang/Short done
Event: 0.031 loading class java/lang/Integer
Event: 0.031 loading class java/lang/Integer done
Event: 0.031 loading class java/lang/Long
Event: 0.031 loading class java/lang/Long done
Event: 0.032 loading class java/lang/NullPointerException
Event: 0.032 loading class java/lang/NullPointerException done
Event: 0.032 loading class java/lang/ArithmeticException
Event: 0.032 loading class java/lang/ArithmeticException done


Dynamic libraries:
0x00007ff7492b0000 - 0x00007ff7492e7000 	C:\Program Files\Java\jre1.8.0_221\bin\javaw.exe
0x00007ff8d6250000 - 0x00007ff8d643d000 	C:\WINDOWS\SYSTEM32\ntdll.dll
0x00007ff8d3470000 - 0x00007ff8d3523000 	C:\WINDOWS\System32\KERNEL32.DLL
0x00007ff8d2b80000 - 0x00007ff8d2e13000 	C:\WINDOWS\System32\KERNELBASE.dll
0x0000000066fb0000 - 0x0000000067045000 	C:\WINDOWS\System32\SYSFER.DLL
0x00007ff8d3730000 - 0x00007ff8d37d3000 	C:\WINDOWS\System32\ADVAPI32.dll
0x00007ff8d5fe0000 - 0x00007ff8d607e000 	C:\WINDOWS\System32\msvcrt.dll
0x00007ff8d5f40000 - 0x00007ff8d5fde000 	C:\WINDOWS\System32\sechost.dll
0x00007ff8d38a0000 - 0x00007ff8d39c2000 	C:\WINDOWS\System32\RPCRT4.dll
0x0000000065a40000 - 0x0000000065d65000 	C:\ProgramData\Symantec\Symantec Endpoint Protection\14.0.3876.1100.105\Data\Definitions\IPSDefs\20200303.061\IPSEng64.dll
0x00007ff8d37e0000 - 0x00007ff8d37e8000 	C:\WINDOWS\System32\PSAPI.DLL
0x00007ff8d3530000 - 0x00007ff8d36c7000 	C:\WINDOWS\System32\USER32.dll
0x00007ff8d2b10000 - 0x00007ff8d2b30000 	C:\WINDOWS\System32\win32u.dll
0x00007ff8d3a40000 - 0x00007ff8d3a69000 	C:\WINDOWS\System32\GDI32.dll
0x00007ff8d32d0000 - 0x00007ff8d3469000 	C:\WINDOWS\System32\gdi32full.dll
0x00007ff8d2ea0000 - 0x00007ff8d2f40000 	C:\WINDOWS\System32\msvcp_win.dll
0x00007ff8d31d0000 - 0x00007ff8d32ca000 	C:\WINDOWS\System32\ucrtbase.dll
0x00007ff8b3b80000 - 0x00007ff8b3df9000 	C:\WINDOWS\WinSxS\amd64_microsoft.windows.common-controls_6595b64144ccf1df_6.0.17763.1039_none_de701650534c7021\COMCTL32.dll
0x00007ff8d3a70000 - 0x00007ff8d3d9c000 	C:\WINDOWS\System32\combase.dll
0x00007ff8d2f40000 - 0x00007ff8d2fbe000 	C:\WINDOWS\System32\bcryptPrimitives.dll
0x00007ff8d44d0000 - 0x00007ff8d44fe000 	C:\WINDOWS\System32\IMM32.DLL
0x00000000660d0000 - 0x00000000661a2000 	C:\Program Files\Java\jre1.8.0_221\bin\msvcr100.dll
0x0000000064b90000 - 0x0000000065435000 	C:\Program Files\Java\jre1.8.0_221\bin\server\jvm.dll
0x00007ff8c7c30000 - 0x00007ff8c7c39000 	C:\WINDOWS\SYSTEM32\WSOCK32.dll
0x00007ff8d39d0000 - 0x00007ff8d3a3d000 	C:\WINDOWS\System32\WS2_32.dll
0x00007ff8cc1b0000 - 0x00007ff8cc1d4000 	C:\WINDOWS\SYSTEM32\WINMM.dll
0x00007ff8c6380000 - 0x00007ff8c638a000 	C:\WINDOWS\SYSTEM32\VERSION.dll
0x00007ff8cc180000 - 0x00007ff8cc1ad000 	C:\WINDOWS\SYSTEM32\WINMMBASE.dll
0x00007ff8d2b30000 - 0x00007ff8d2b7a000 	C:\WINDOWS\System32\cfgmgr32.dll
0x00007ff8be250000 - 0x00007ff8be25f000 	C:\Program Files\Java\jre1.8.0_221\bin\verify.dll
0x00007ff8b4330000 - 0x00007ff8b4359000 	C:\Program Files\Java\jre1.8.0_221\bin\java.dll
0x00007ff8bdf50000 - 0x00007ff8bdf66000 	C:\Program Files\Java\jre1.8.0_221\bin\zip.dll

VM Arguments:
jvm_args: -Djava.vendor=Sun Microsystems Inc. -Dfile.encoding=Cp1252 
java_command: com.cg.hbms.ui.Ui
java_class_path (initial): C:\Users\SHUPAL\Desktop\SHUPAL\JAVA\HotelBookingsManagementSystem\bin
Launcher Type: SUN_STANDARD

Environment Variables:
JAVA_HOME=C:\Program Files\Java\jdk1.8.0_91
JAVA_TOOL_OPTIONS=-Djava.vendor="Sun Microsystems Inc."
PATH=C:/Program Files/Java/jre1.8.0_221/bin/server;C:/Program Files/Java/jre1.8.0_221/bin;C:/Program Files/Java/jre1.8.0_221/lib/amd64;C:\ProgramData\Oracle\Java\javapath;C:\Program Files (x86)\Common Files\Oracle\Java\javapath;C:\Program Files\Java\jdk1.8.0_91\bin;C:\Program Files\Java\jdk1.8.0_91\bin;C:\Program Files\Git\cmd;C:\Users\SHUPAL\Desktop\SHUPAL\JAVA\apache-maven-3.6.3\bin;C:\Users\SHUPAL\Desktop\SHUPAL\sonarqube\sonar-scanner-2.8\bin;C:\Program Files (x86)\Microsoft VS Code\bin;C:\Program Files\nodejs\;C:\Users\SHUPAL\AppData\Local\Microsoft\WindowsApps;C:\Users\SHUPAL\AppData\Roaming\npm;C:\GF-103\STS\sts-bundle\sts-3.8.4.RELEASE;
USERNAME=SHUPAL
OS=Windows_NT
PROCESSOR_IDENTIFIER=Intel64 Family 6 Model 158 Stepping 9, GenuineIntel



---------------  S Y S T E M  ---------------

OS: Windows 10.0 , 64 bit Build 17763 (10.0.17763.475)

CPU:total 4 (initial active 4) (4 cores per cpu, 1 threads per core) family 6 model 158 stepping 9, cmov, cx8, fxsr, mmx, sse, sse2, sse3, ssse3, sse4.1, sse4.2, popcnt, avx, avx2, aes, clmul, erms, rtm, 3dnowpref, lzcnt, tsc, tscinvbit, bmi1, bmi2, adx

Memory: 4k page, physical 8274356k(2075976k free), swap 10226100k(5232k free)

vm_info: Java HotSpot(TM) 64-Bit Server VM (25.221-b11) for windows-amd64 JRE (1.8.0_221-b11), built on Jul  4 2019 04:39:29 by "java_re" with MS VC++ 10.0 (VS2010)

time: Sat Mar 07 10:11:01 2020
timezone: India Standard Time
elapsed time: 0 seconds (0d 0h 0m 0s)

